INFO:flet_runtime:Assets path configured: A:\Programming\Python\PythonLabs\Lab-3\desktop-app\assets
INFO:flet_runtime:Starting up TCP server on localhost:63518
INFO:flet_runtime:Flet app has started...
INFO:flet_runtime:App URL: tcp://localhost:63518
INFO:flet_runtime:Starting Flet View app...
INFO:flet_runtime:Flet View found in: A:\Programming\Python\PythonLabs\Lab-3\.venv\Lib\site-packages\flet\bin\flet\flet.exe
INFO:flet_runtime:App session started
INFO:root:Program started
INFO:root:Table created
INFO:root:Input form created
INFO:root:Table created
INFO:root:Table created
INFO:root:Table updated
INFO:root:data saved
INFO:root:Table created
INFO:root:Table created
INFO:root:Table created
INFO:root:Table updated
INFO:root:Table created
INFO:root:Table created
INFO:root:Table created
INFO:root:Table updated
INFO:root:Table created
INFO:root:Table created
INFO:root:Table created
INFO:root:Table updated
INFO:flet_runtime:Assets path configured: A:\Programming\Python\PythonLabs\Lab-3\desktop-app\assets
INFO:flet_runtime:Starting up TCP server on localhost:63830
INFO:flet_runtime:Flet app has started...
INFO:flet_runtime:App URL: tcp://localhost:63830
INFO:flet_runtime:Starting Flet View app...
INFO:flet_runtime:Flet View found in: A:\Programming\Python\PythonLabs\Lab-3\.venv\Lib\site-packages\flet\bin\flet\flet.exe
INFO:flet_runtime:App session started
INFO:root:Program started
INFO:root:Table created
INFO:root:Input form created
INFO:root:data saved
INFO:root:Table created
INFO:root:Table created
INFO:root:Table created
INFO:root:Table updated
INFO:root:data saved
INFO:root:Table created
INFO:root:Table created
INFO:root:Table created
INFO:root:Table created
INFO:root:Table updated
INFO:root:Table created
INFO:root:Table created
INFO:root:Table created
INFO:root:Table created
INFO:root:Table updated
INFO:root:Table created
INFO:root:Table created
INFO:root:Table created
INFO:root:Table created
INFO:root:Table updated
INFO:root:Table created
INFO:root:Table created
INFO:root:Table created
INFO:root:Table created
INFO:root:Table updated
INFO:root:Table created
INFO:root:Table created
INFO:root:Table created
INFO:root:Table created
INFO:root:Table updated
INFO:root:Table created
INFO:root:Table created
INFO:root:Table created
INFO:root:Table created
INFO:root:Table updated
INFO:root:Table created
INFO:root:Table created
INFO:root:Table created
INFO:root:Table created
INFO:root:Table updated
INFO:root:Table created
INFO:root:Table created
INFO:root:Table created
INFO:root:Table created
INFO:root:Table updated
INFO:root:Table created
INFO:root:Table created
INFO:root:Table created
INFO:root:Table created
INFO:root:Table updated
INFO:root:Table created
INFO:root:Table created
INFO:root:Table created
INFO:root:Table created
INFO:root:Table updated
INFO:root:Table created
INFO:root:Table created
INFO:root:Table created
INFO:root:Table created
INFO:root:Table updated
INFO:root:Table created
INFO:root:Table created
INFO:root:Table created
INFO:root:Table created
INFO:root:Table updated
INFO:root:Table created
INFO:root:Table created
INFO:root:Table created
INFO:root:Table created
INFO:root:Table updated
INFO:root:Table created
INFO:root:Table created
INFO:root:Table created
INFO:root:Table created
INFO:root:Table updated
INFO:root:Table created
INFO:root:Table created
INFO:root:Table created
INFO:root:Table created
INFO:root:Table updated
INFO:root:Table created
INFO:root:Table created
INFO:root:Table created
INFO:root:Table created
INFO:root:Table updated
INFO:root:Table created
INFO:root:Table created
INFO:root:Table created
INFO:root:Table created
INFO:root:Table updated
INFO:root:Table created
INFO:root:Table created
INFO:root:Table created
INFO:root:Table created
INFO:root:Table updated
INFO:root:Table created
INFO:root:Table created
INFO:root:Table created
INFO:root:Table created
INFO:root:Table updated
INFO:root:Table created
INFO:root:Table created
INFO:root:Table created
INFO:root:Table created
INFO:root:Table updated
INFO:root:Table created
INFO:root:Table created
INFO:root:Table created
INFO:root:Table created
INFO:root:Table updated
INFO:flet_runtime:Assets path configured: A:\Programming\Python\PythonLabs\Lab-3\desktop-app\assets
INFO:flet_runtime:Starting up TCP server on localhost:64262
INFO:flet_runtime:Flet app has started...
INFO:flet_runtime:App URL: tcp://localhost:64262
INFO:flet_runtime:Starting Flet View app...
INFO:flet_runtime:Flet View found in: A:\Programming\Python\PythonLabs\Lab-3\.venv\Lib\site-packages\flet\bin\flet\flet.exe
INFO:flet_runtime:App session started
INFO:root:Program started
INFO:root:Table created
INFO:root:Input form created
INFO:root:Table created
INFO:root:Table created
INFO:root:Table created
INFO:root:Table updated
